elbread.dll ver. 1.0.5.365 Sat May 18 17:06:42 2024


-------------------------------------------
Entity             | Architecture | Library
-------------------------------------------
mips               | mips         | design0
add_alu            | behavioral   | design0
sign_extend        | behavioral   | design0
mux_5bit           | behavioral   | design0
mux_32bit          | behavioral   | design0
shift_left_2       | behavioral   | design0
alucontrol         | beh          | design0
alu                | behav        | design0
data_memory        | behavioral   | design0
control            | beh          | design0
instructionmemory  | behavioral   | design0
pc                 | behavioral   | design0
register_file      | behavioural  | design0
-------------------------------------------

-----------------------------
Package             | Library
-----------------------------
standard            | std
std_logic_1164      | ieee
std_logic_arith     | ieee
numeric_std         | ieee
std_logic_unsigned  | ieee
-----------------------------
